-------------------------------------------------------------------------------
Test set: special.person.templbackend.service.CyclistServiceTest
-------------------------------------------------------------------------------
Tests run: 2, Failures: 0, Errors: 2, Skipped: 0, Time elapsed: 9.212 s <<< FAILURE! - in special.person.templbackend.service.CyclistServiceTest
getCyclists_twoSavedInRepository  Time elapsed: 0 s  <<< ERROR!
java.lang.IllegalStateException: Failed to load ApplicationContext
Caused by: org.springframework.beans.factory.BeanCreationException: Error creating bean with name 'entityManagerFactory' defined in class path resource [org/springframework/boot/autoconfigure/orm/jpa/HibernateJpaConfiguration.class]: Invocation of init method failed; nested exception is java.lang.ClassFormatError: Illegal UTF8 string in constant pool in class file org/hibernate/cfg/AbstractPropertyHolder
Caused by: java.lang.ClassFormatError: Illegal UTF8 string in constant pool in class file org/hibernate/cfg/AbstractPropertyHolder

getCyclists_repositoryIsEmpty  Time elapsed: 0 s  <<< ERROR!
java.lang.IllegalStateException: Failed to load ApplicationContext
Caused by: org.springframework.beans.factory.BeanCreationException: Error creating bean with name 'entityManagerFactory' defined in class path resource [org/springframework/boot/autoconfigure/orm/jpa/HibernateJpaConfiguration.class]: Invocation of init method failed; nested exception is java.lang.ClassFormatError: Illegal UTF8 string in constant pool in class file org/hibernate/cfg/AbstractPropertyHolder
Caused by: java.lang.ClassFormatError: Illegal UTF8 string in constant pool in class file org/hibernate/cfg/AbstractPropertyHolder

